{"/Users/svetlana/Desktop/remark-heading-autoid/index.js": {"path":"/Users/svetlana/Desktop/remark-heading-autoid/index.js","statementMap":{"0":{"start":{"line":1,"column":12},"end":{"line":1,"column":39}},"1":{"start":{"line":3,"column":0},"end":{"line":3,"column":31}},"2":{"start":{"line":5,"column":20},"end":{"line":5,"column":24}},"3":{"start":{"line":8,"column":17},"end":{"line":8,"column":30}},"4":{"start":{"line":9,"column":15},"end":{"line":9,"column":47}},"5":{"start":{"line":10,"column":2},"end":{"line":10,"column":20}},"6":{"start":{"line":13,"column":16},"end":{"line":13,"column":17}},"7":{"start":{"line":15,"column":4},"end":{"line":15,"column":34}},"8":{"start":{"line":18,"column":17},"end":{"line":18,"column":46}},"9":{"start":{"line":19,"column":18},"end":{"line":19,"column":61}},"10":{"start":{"line":21,"column":6},"end":{"line":21,"column":39}},"11":{"start":{"line":23,"column":6},"end":{"line":23,"column":13}}},"fnMap":{"0":{"name":"autoHeadingIds","decl":{"start":{"line":7,"column":9},"end":{"line":7,"column":23}},"loc":{"start":{"line":7,"column":33},"end":{"line":26,"column":1}},"line":7},"1":{"name":"transformer","decl":{"start":{"line":12,"column":11},"end":{"line":12,"column":22}},"loc":{"start":{"line":12,"column":28},"end":{"line":25,"column":3}},"line":12},"2":{"name":"visitor","decl":{"start":{"line":17,"column":13},"end":{"line":17,"column":20}},"loc":{"start":{"line":17,"column":27},"end":{"line":24,"column":5}},"line":17}},"branchMap":{"0":{"loc":{"start":{"line":8,"column":17},"end":{"line":8,"column":30}},"type":"binary-expr","locations":[{"start":{"line":8,"column":17},"end":{"line":8,"column":24}},{"start":{"line":8,"column":28},"end":{"line":8,"column":30}}],"line":8},"1":{"loc":{"start":{"line":9,"column":15},"end":{"line":9,"column":47}},"type":"binary-expr","locations":[{"start":{"line":9,"column":15},"end":{"line":9,"column":30}},{"start":{"line":9,"column":34},"end":{"line":9,"column":47}}],"line":9},"2":{"loc":{"start":{"line":18,"column":17},"end":{"line":18,"column":46}},"type":"binary-expr","locations":[{"start":{"line":18,"column":17},"end":{"line":18,"column":26}},{"start":{"line":18,"column":31},"end":{"line":18,"column":45}}],"line":18},"3":{"loc":{"start":{"line":19,"column":18},"end":{"line":19,"column":61}},"type":"binary-expr","locations":[{"start":{"line":19,"column":18},"end":{"line":19,"column":34}},{"start":{"line":19,"column":39},"end":{"line":19,"column":60}}],"line":19}},"s":{"0":1,"1":1,"2":1,"3":1,"4":1,"5":1,"6":1,"7":1,"8":1,"9":1,"10":1,"11":1},"f":{"0":1,"1":1,"2":1},"b":{"0":[1,1],"1":[1,1],"2":[1,1],"3":[1,1]},"_coverageSchema":"1a1c01bbd47fc00a2c39e90264f33305004495a9","hash":"55074678ece5429ca2db0ec898c733936f047fff"}
}
